<?xml version="1.0" encoding="UTF-8"?>
<!-- Generated by org.testng.reporters.JUnitReportReporter -->
<testsuite hostname="LAPTOP-1I2596E2" name="DriverFactory.DriverScript" tests="1" failures="0" timestamp="22 May 2020 15:32:37 GMT" time="112.712" errors="0">
  <testcase name="startTest" time="112.712" classname="DriverFactory.DriverScript"/>
</testsuite> <!-- DriverFactory.DriverScript -->
