<?xml version="1.0" encoding="UTF-8"?>
<!-- Generated by org.testng.reporters.JUnitReportReporter -->
<testsuite hostname="LAPTOP-1I2596E2" name="DriverFactory.DataDriven" tests="1" failures="0" timestamp="20 May 2020 15:12:05 GMT" time="26.763" errors="0">
  <testcase name="verifyLogin" time="26.763" classname="DriverFactory.DataDriven"/>
</testsuite> <!-- DriverFactory.DataDriven -->
